<?xml version="1.0" encoding="UTF-8" ?>
<testsuite failures="0" time="0.027" errors="0" skipped="0" tests="12" name="org.springframework.webflow.mvc.view.SpringBeanBindingModelTests">
  <properties>
    <property name="java.runtime.name" value="Java(TM) SE Runtime Environment"/>
    <property name="sun.boot.library.path" value="/Library/Java/JavaVirtualMachines/jdk1.7.0_25.jdk/Contents/Home/jre/lib"/>
    <property name="java.vm.version" value="23.25-b01"/>
    <property name="gopherProxySet" value="false"/>
    <property name="java.vm.vendor" value="Oracle Corporation"/>
    <property name="java.vendor.url" value="http://java.oracle.com/"/>
    <property name="path.separator" value=":"/>
    <property name="java.vm.name" value="Java HotSpot(TM) 64-Bit Server VM"/>
    <property name="file.encoding.pkg" value="sun.io"/>
    <property name="user.country" value="US"/>
    <property name="sun.java.launcher" value="SUN_STANDARD"/>
    <property name="sun.os.patch.level" value="unknown"/>
    <property name="java.vm.specification.name" value="Java Virtual Machine Specification"/>
    <property name="user.dir" value="/Users/doug/Documents/scm/spring-webflow/spring-webflow"/>
    <property name="java.runtime.version" value="1.7.0_25-b15"/>
    <property name="java.awt.graphicsenv" value="sun.awt.CGraphicsEnvironment"/>
    <property name="basedir" value="/Users/doug/Documents/scm/spring-webflow/spring-webflow"/>
    <property name="java.endorsed.dirs" value="/Library/Java/JavaVirtualMachines/jdk1.7.0_25.jdk/Contents/Home/jre/lib/endorsed"/>
    <property name="os.arch" value="x86_64"/>
    <property name="surefire.real.class.path" value="/Users/doug/Documents/scm/spring-webflow/spring-webflow/target/surefire/surefirebooter5793391803308803780.jar"/>
    <property name="java.io.tmpdir" value="/var/folders/w2/xwdlwfvj0hs7zc7jz0w9kgvc0000gn/T/"/>
    <property name="line.separator" value="
"/>
    <property name="java.vm.specification.vendor" value="Oracle Corporation"/>
    <property name="os.name" value="Mac OS X"/>
    <property name="sun.jnu.encoding" value="UTF-8"/>
    <property name="java.library.path" value="/Users/doug/Library/Java/Extensions:/Library/Java/Extensions:/Network/Library/Java/Extensions:/System/Library/Java/Extensions:/usr/lib/java:."/>
    <property name="surefire.test.class.path" value="/Users/doug/Documents/scm/spring-webflow/spring-webflow/target/test-classes:/Users/doug/Documents/scm/spring-webflow/spring-webflow/target/classes:/Users/doug/.m2/repository/commons-logging/commons-logging/1.1.1/commons-logging-1.1.1.jar:/Users/doug/.m2/repository/org/springframework/spring-beans/3.0.5.RELEASE/spring-beans-3.0.5.RELEASE.jar:/Users/doug/.m2/repository/org/springframework/spring-context/3.0.5.RELEASE/spring-context-3.0.5.RELEASE.jar:/Users/doug/.m2/repository/org/springframework/spring-aop/3.0.5.RELEASE/spring-aop-3.0.5.RELEASE.jar:/Users/doug/.m2/repository/org/springframework/spring-asm/3.0.5.RELEASE/spring-asm-3.0.5.RELEASE.jar:/Users/doug/.m2/repository/org/springframework/spring-core/3.0.5.RELEASE/spring-core-3.0.5.RELEASE.jar:/Users/doug/.m2/repository/org/springframework/spring-expression/3.0.5.RELEASE/spring-expression-3.0.5.RELEASE.jar:/Users/doug/.m2/repository/org/springframework/spring-web/3.0.5.RELEASE/spring-web-3.0.5.RELEASE.jar:/Users/doug/.m2/repository/aopalliance/aopalliance/1.0/aopalliance-1.0.jar:/Users/doug/.m2/repository/org/springframework/spring-webmvc/3.0.5.RELEASE/spring-webmvc-3.0.5.RELEASE.jar:/Users/doug/.m2/repository/org/springframework/spring-context-support/3.0.5.RELEASE/spring-context-support-3.0.5.RELEASE.jar:/Users/doug/.m2/repository/org/springframework/webflow/spring-binding/2.3.0.RELEASE/spring-binding-2.3.0.RELEASE.jar:/Users/doug/.m2/repository/org/springframework/webflow/spring-js/2.3.0.RELEASE/spring-js-2.3.0.RELEASE.jar:/Users/doug/.m2/repository/org/springframework/webflow/spring-js-resources/2.3.0.RELEASE/spring-js-resources-2.3.0.RELEASE.jar:/Users/doug/.m2/repository/backport-util-concurrent/backport-util-concurrent/3.0/backport-util-concurrent-3.0.jar:/Users/doug/.m2/repository/javax/el/el-api/1.0/el-api-1.0.jar:/Users/doug/.m2/repository/javax/persistence/persistence-api/1.0/persistence-api-1.0.jar:/Users/doug/.m2/repository/javax/portlet/portlet-api/2.0/portlet-api-2.0.jar:/Users/doug/.m2/repository/javax/servlet/servlet-api/2.4/servlet-api-2.4.jar:/Users/doug/.m2/repository/org/hibernate/hibernate/3.2.5.ga/hibernate-3.2.5.ga.jar:/Users/doug/.m2/repository/net/sf/ehcache/ehcache/1.2.3/ehcache-1.2.3.jar:/Users/doug/.m2/repository/asm/asm-attrs/1.5.3/asm-attrs-1.5.3.jar:/Users/doug/.m2/repository/dom4j/dom4j/1.6.1/dom4j-1.6.1.jar:/Users/doug/.m2/repository/antlr/antlr/2.7.6/antlr-2.7.6.jar:/Users/doug/.m2/repository/cglib/cglib/2.1_3/cglib-2.1_3.jar:/Users/doug/.m2/repository/asm/asm/1.5.3/asm-1.5.3.jar:/Users/doug/.m2/repository/ognl/ognl/2.6.9/ognl-2.6.9.jar:/Users/doug/.m2/repository/org/springframework/spring-orm/3.0.5.RELEASE/spring-orm-3.0.5.RELEASE.jar:/Users/doug/.m2/repository/org/springframework/spring-jdbc/3.0.5.RELEASE/spring-jdbc-3.0.5.RELEASE.jar:/Users/doug/.m2/repository/org/springframework/spring-webmvc-portlet/3.0.5.RELEASE/spring-webmvc-portlet-3.0.5.RELEASE.jar:/Users/doug/.m2/repository/org/springframework/spring-tx/3.0.5.RELEASE/spring-tx-3.0.5.RELEASE.jar:/Users/doug/.m2/repository/org/springframework/security/spring-security-core/3.0.2.RELEASE/spring-security-core-3.0.2.RELEASE.jar:/Users/doug/.m2/repository/org/aspectj/aspectjrt/1.6.8/aspectjrt-1.6.8.jar:/Users/doug/.m2/repository/org/aspectj/aspectjweaver/1.6.8/aspectjweaver-1.6.8.jar:/Users/doug/.m2/repository/javax/transaction/transaction-api/1.1/transaction-api-1.1.jar:/Users/doug/.m2/repository/org/easymock/easymock/2.5.2/easymock-2.5.2.jar:/Users/doug/.m2/repository/junit/junit/3.8.2/junit-3.8.2.jar:/Users/doug/.m2/repository/org/springframework/spring-test/3.0.5.RELEASE/spring-test-3.0.5.RELEASE.jar:/Users/doug/.m2/repository/org/jboss/el/jboss-el/2.0.1.GA/jboss-el-2.0.1.GA.jar:/Users/doug/.m2/repository/org/hsqldb/hsqldb/1.8.0.10/hsqldb-1.8.0.10.jar:/Users/doug/.m2/repository/org/apache/openjpa/openjpa-lib-5/1.0.2/openjpa-lib-5-1.0.2.jar:/Users/doug/.m2/repository/org/apache/openjpa/openjpa-lib/1.0.2/openjpa-lib-1.0.2.jar:/Users/doug/.m2/repository/log4j/log4j/1.2.13/log4j-1.2.13.jar:/Users/doug/.m2/repository/commons-lang/commons-lang/2.1/commons-lang-2.1.jar:/Users/doug/.m2/repository/ant/ant/1.6.5/ant-1.6.5.jar:/Users/doug/.m2/repository/net/sourceforge/serp/serp/1.13.1/serp-1.13.1.jar:/Users/doug/.m2/repository/org/apache/openjpa/openjpa-persistence/1.0.2/openjpa-persistence-1.0.2.jar:/Users/doug/.m2/repository/org/apache/openjpa/openjpa-kernel-5/1.0.2/openjpa-kernel-5-1.0.2.jar:/Users/doug/.m2/repository/org/apache/openjpa/openjpa-kernel/1.0.2/openjpa-kernel-1.0.2.jar:/Users/doug/.m2/repository/org/apache/geronimo/specs/geronimo-jms_1.1_spec/1.0.1/geronimo-jms_1.1_spec-1.0.1.jar:/Users/doug/.m2/repository/org/apache/geronimo/specs/geronimo-jta_1.1_spec/1.1/geronimo-jta_1.1_spec-1.1.jar:/Users/doug/.m2/repository/commons-pool/commons-pool/1.3/commons-pool-1.3.jar:/Users/doug/.m2/repository/org/apache/geronimo/specs/geronimo-jpa_3.0_spec/1.0/geronimo-jpa_3.0_spec-1.0.jar:/Users/doug/.m2/repository/org/apache/openjpa/openjpa-persistence-jdbc/1.0.2/openjpa-persistence-jdbc-1.0.2.jar:/Users/doug/.m2/repository/org/apache/openjpa/openjpa-jdbc-5/1.0.2/openjpa-jdbc-5-1.0.2.jar:/Users/doug/.m2/repository/org/apache/openjpa/openjpa-jdbc/1.0.2/openjpa-jdbc-1.0.2.jar:/Users/doug/.m2/repository/hsqldb/hsqldb/1.8.0.1/hsqldb-1.8.0.1.jar:/Users/doug/.m2/repository/javax/xml/bind/jaxb-api/2.0/jaxb-api-2.0.jar:/Users/doug/.m2/repository/javax/xml/bind/jsr173_api/1.0/jsr173_api-1.0.jar:/Users/doug/.m2/repository/javax/activation/activation/1.1/activation-1.1.jar:/Users/doug/.m2/repository/commons-collections/commons-collections/3.2/commons-collections-3.2.jar:"/>
    <property name="java.specification.name" value="Java Platform API Specification"/>
    <property name="java.class.version" value="51.0"/>
    <property name="sun.management.compiler" value="HotSpot 64-Bit Tiered Compilers"/>
    <property name="os.version" value="10.8.2"/>
    <property name="http.nonProxyHosts" value="local|*.local|169.254/16|*.169.254/16"/>
    <property name="user.home" value="/Users/doug"/>
    <property name="user.timezone" value="America/Los_Angeles"/>
    <property name="java.awt.printerjob" value="sun.lwawt.macosx.CPrinterJob"/>
    <property name="java.specification.version" value="1.7"/>
    <property name="file.encoding" value="UTF-8"/>
    <property name="user.name" value="doug"/>
    <property name="java.class.path" value="/Users/doug/Documents/scm/spring-webflow/spring-webflow/target/test-classes:/Users/doug/Documents/scm/spring-webflow/spring-webflow/target/classes:/Users/doug/.m2/repository/commons-logging/commons-logging/1.1.1/commons-logging-1.1.1.jar:/Users/doug/.m2/repository/org/springframework/spring-beans/3.0.5.RELEASE/spring-beans-3.0.5.RELEASE.jar:/Users/doug/.m2/repository/org/springframework/spring-context/3.0.5.RELEASE/spring-context-3.0.5.RELEASE.jar:/Users/doug/.m2/repository/org/springframework/spring-aop/3.0.5.RELEASE/spring-aop-3.0.5.RELEASE.jar:/Users/doug/.m2/repository/org/springframework/spring-asm/3.0.5.RELEASE/spring-asm-3.0.5.RELEASE.jar:/Users/doug/.m2/repository/org/springframework/spring-core/3.0.5.RELEASE/spring-core-3.0.5.RELEASE.jar:/Users/doug/.m2/repository/org/springframework/spring-expression/3.0.5.RELEASE/spring-expression-3.0.5.RELEASE.jar:/Users/doug/.m2/repository/org/springframework/spring-web/3.0.5.RELEASE/spring-web-3.0.5.RELEASE.jar:/Users/doug/.m2/repository/aopalliance/aopalliance/1.0/aopalliance-1.0.jar:/Users/doug/.m2/repository/org/springframework/spring-webmvc/3.0.5.RELEASE/spring-webmvc-3.0.5.RELEASE.jar:/Users/doug/.m2/repository/org/springframework/spring-context-support/3.0.5.RELEASE/spring-context-support-3.0.5.RELEASE.jar:/Users/doug/.m2/repository/org/springframework/webflow/spring-binding/2.3.0.RELEASE/spring-binding-2.3.0.RELEASE.jar:/Users/doug/.m2/repository/org/springframework/webflow/spring-js/2.3.0.RELEASE/spring-js-2.3.0.RELEASE.jar:/Users/doug/.m2/repository/org/springframework/webflow/spring-js-resources/2.3.0.RELEASE/spring-js-resources-2.3.0.RELEASE.jar:/Users/doug/.m2/repository/backport-util-concurrent/backport-util-concurrent/3.0/backport-util-concurrent-3.0.jar:/Users/doug/.m2/repository/javax/el/el-api/1.0/el-api-1.0.jar:/Users/doug/.m2/repository/javax/persistence/persistence-api/1.0/persistence-api-1.0.jar:/Users/doug/.m2/repository/javax/portlet/portlet-api/2.0/portlet-api-2.0.jar:/Users/doug/.m2/repository/javax/servlet/servlet-api/2.4/servlet-api-2.4.jar:/Users/doug/.m2/repository/org/hibernate/hibernate/3.2.5.ga/hibernate-3.2.5.ga.jar:/Users/doug/.m2/repository/net/sf/ehcache/ehcache/1.2.3/ehcache-1.2.3.jar:/Users/doug/.m2/repository/asm/asm-attrs/1.5.3/asm-attrs-1.5.3.jar:/Users/doug/.m2/repository/dom4j/dom4j/1.6.1/dom4j-1.6.1.jar:/Users/doug/.m2/repository/antlr/antlr/2.7.6/antlr-2.7.6.jar:/Users/doug/.m2/repository/cglib/cglib/2.1_3/cglib-2.1_3.jar:/Users/doug/.m2/repository/asm/asm/1.5.3/asm-1.5.3.jar:/Users/doug/.m2/repository/ognl/ognl/2.6.9/ognl-2.6.9.jar:/Users/doug/.m2/repository/org/springframework/spring-orm/3.0.5.RELEASE/spring-orm-3.0.5.RELEASE.jar:/Users/doug/.m2/repository/org/springframework/spring-jdbc/3.0.5.RELEASE/spring-jdbc-3.0.5.RELEASE.jar:/Users/doug/.m2/repository/org/springframework/spring-webmvc-portlet/3.0.5.RELEASE/spring-webmvc-portlet-3.0.5.RELEASE.jar:/Users/doug/.m2/repository/org/springframework/spring-tx/3.0.5.RELEASE/spring-tx-3.0.5.RELEASE.jar:/Users/doug/.m2/repository/org/springframework/security/spring-security-core/3.0.2.RELEASE/spring-security-core-3.0.2.RELEASE.jar:/Users/doug/.m2/repository/org/aspectj/aspectjrt/1.6.8/aspectjrt-1.6.8.jar:/Users/doug/.m2/repository/org/aspectj/aspectjweaver/1.6.8/aspectjweaver-1.6.8.jar:/Users/doug/.m2/repository/javax/transaction/transaction-api/1.1/transaction-api-1.1.jar:/Users/doug/.m2/repository/org/easymock/easymock/2.5.2/easymock-2.5.2.jar:/Users/doug/.m2/repository/junit/junit/3.8.2/junit-3.8.2.jar:/Users/doug/.m2/repository/org/springframework/spring-test/3.0.5.RELEASE/spring-test-3.0.5.RELEASE.jar:/Users/doug/.m2/repository/org/jboss/el/jboss-el/2.0.1.GA/jboss-el-2.0.1.GA.jar:/Users/doug/.m2/repository/org/hsqldb/hsqldb/1.8.0.10/hsqldb-1.8.0.10.jar:/Users/doug/.m2/repository/org/apache/openjpa/openjpa-lib-5/1.0.2/openjpa-lib-5-1.0.2.jar:/Users/doug/.m2/repository/org/apache/openjpa/openjpa-lib/1.0.2/openjpa-lib-1.0.2.jar:/Users/doug/.m2/repository/log4j/log4j/1.2.13/log4j-1.2.13.jar:/Users/doug/.m2/repository/commons-lang/commons-lang/2.1/commons-lang-2.1.jar:/Users/doug/.m2/repository/ant/ant/1.6.5/ant-1.6.5.jar:/Users/doug/.m2/repository/net/sourceforge/serp/serp/1.13.1/serp-1.13.1.jar:/Users/doug/.m2/repository/org/apache/openjpa/openjpa-persistence/1.0.2/openjpa-persistence-1.0.2.jar:/Users/doug/.m2/repository/org/apache/openjpa/openjpa-kernel-5/1.0.2/openjpa-kernel-5-1.0.2.jar:/Users/doug/.m2/repository/org/apache/openjpa/openjpa-kernel/1.0.2/openjpa-kernel-1.0.2.jar:/Users/doug/.m2/repository/org/apache/geronimo/specs/geronimo-jms_1.1_spec/1.0.1/geronimo-jms_1.1_spec-1.0.1.jar:/Users/doug/.m2/repository/org/apache/geronimo/specs/geronimo-jta_1.1_spec/1.1/geronimo-jta_1.1_spec-1.1.jar:/Users/doug/.m2/repository/commons-pool/commons-pool/1.3/commons-pool-1.3.jar:/Users/doug/.m2/repository/org/apache/geronimo/specs/geronimo-jpa_3.0_spec/1.0/geronimo-jpa_3.0_spec-1.0.jar:/Users/doug/.m2/repository/org/apache/openjpa/openjpa-persistence-jdbc/1.0.2/openjpa-persistence-jdbc-1.0.2.jar:/Users/doug/.m2/repository/org/apache/openjpa/openjpa-jdbc-5/1.0.2/openjpa-jdbc-5-1.0.2.jar:/Users/doug/.m2/repository/org/apache/openjpa/openjpa-jdbc/1.0.2/openjpa-jdbc-1.0.2.jar:/Users/doug/.m2/repository/hsqldb/hsqldb/1.8.0.1/hsqldb-1.8.0.1.jar:/Users/doug/.m2/repository/javax/xml/bind/jaxb-api/2.0/jaxb-api-2.0.jar:/Users/doug/.m2/repository/javax/xml/bind/jsr173_api/1.0/jsr173_api-1.0.jar:/Users/doug/.m2/repository/javax/activation/activation/1.1/activation-1.1.jar:/Users/doug/.m2/repository/commons-collections/commons-collections/3.2/commons-collections-3.2.jar:"/>
    <property name="java.vm.specification.version" value="1.7"/>
    <property name="sun.arch.data.model" value="64"/>
    <property name="java.home" value="/Library/Java/JavaVirtualMachines/jdk1.7.0_25.jdk/Contents/Home/jre"/>
    <property name="sun.java.command" value="/Users/doug/Documents/scm/spring-webflow/spring-webflow/target/surefire/surefirebooter5793391803308803780.jar /Users/doug/Documents/scm/spring-webflow/spring-webflow/target/surefire/surefire7592204200466101967tmp /Users/doug/Documents/scm/spring-webflow/spring-webflow/target/surefire/surefire7610575268172346073tmp"/>
    <property name="java.specification.vendor" value="Oracle Corporation"/>
    <property name="user.language" value="en"/>
    <property name="awt.toolkit" value="sun.lwawt.macosx.LWCToolkit"/>
    <property name="java.vm.info" value="mixed mode"/>
    <property name="java.version" value="1.7.0_25"/>
    <property name="java.ext.dirs" value="/Users/doug/Library/Java/Extensions:/Library/Java/JavaVirtualMachines/jdk1.7.0_25.jdk/Contents/Home/jre/lib/ext:/Library/Java/Extensions:/Network/Library/Java/Extensions:/System/Library/Java/Extensions:/usr/lib/java"/>
    <property name="sun.boot.class.path" value="/Library/Java/JavaVirtualMachines/jdk1.7.0_25.jdk/Contents/Home/jre/lib/resources.jar:/Library/Java/JavaVirtualMachines/jdk1.7.0_25.jdk/Contents/Home/jre/lib/rt.jar:/Library/Java/JavaVirtualMachines/jdk1.7.0_25.jdk/Contents/Home/jre/lib/sunrsasign.jar:/Library/Java/JavaVirtualMachines/jdk1.7.0_25.jdk/Contents/Home/jre/lib/jsse.jar:/Library/Java/JavaVirtualMachines/jdk1.7.0_25.jdk/Contents/Home/jre/lib/jce.jar:/Library/Java/JavaVirtualMachines/jdk1.7.0_25.jdk/Contents/Home/jre/lib/charsets.jar:/Library/Java/JavaVirtualMachines/jdk1.7.0_25.jdk/Contents/Home/jre/lib/jfr.jar:/Library/Java/JavaVirtualMachines/jdk1.7.0_25.jdk/Contents/Home/jre/lib/JObjC.jar:/Library/Java/JavaVirtualMachines/jdk1.7.0_25.jdk/Contents/Home/jre/classes"/>
    <property name="java.vendor" value="Oracle Corporation"/>
    <property name="localRepository" value="/Users/doug/.m2/repository"/>
    <property name="file.separator" value="/"/>
    <property name="java.vendor.url.bug" value="http://bugreport.sun.com/bugreport/"/>
    <property name="sun.cpu.endian" value="little"/>
    <property name="sun.io.unicode.encoding" value="UnicodeBig"/>
    <property name="socksNonProxyHosts" value="local|*.local|169.254/16|*.169.254/16"/>
    <property name="ftp.nonProxyHosts" value="local|*.local|169.254/16|*.169.254/16"/>
    <property name="sun.cpu.isalist" value=""/>
  </properties>
  <testcase time="0.002" classname="org.springframework.webflow.mvc.view.SpringBeanBindingModelTests" name="testFindPropertyEditorForUndeterminableType"/>
  <testcase time="0" classname="org.springframework.webflow.mvc.view.SpringBeanBindingModelTests" name="testGetFieldValueNonStringNoConversionService"/>
  <testcase time="0" classname="org.springframework.webflow.mvc.view.SpringBeanBindingModelTests" name="testInitialState"/>
  <testcase time="0.001" classname="org.springframework.webflow.mvc.view.SpringBeanBindingModelTests" name="testGetValue"/>
  <testcase time="0" classname="org.springframework.webflow.mvc.view.SpringBeanBindingModelTests" name="testGetConvertedValue"/>
  <testcase time="0.001" classname="org.springframework.webflow.mvc.view.SpringBeanBindingModelTests" name="testGetRawValue"/>
  <testcase time="0" classname="org.springframework.webflow.mvc.view.SpringBeanBindingModelTests" name="testGetFieldValueConvertedWithCustomConverter"/>
  <testcase time="0" classname="org.springframework.webflow.mvc.view.SpringBeanBindingModelTests" name="testGetFieldValueError"/>
  <testcase time="0.001" classname="org.springframework.webflow.mvc.view.SpringBeanBindingModelTests" name="testGetFieldError"/>
  <testcase time="0" classname="org.springframework.webflow.mvc.view.SpringBeanBindingModelTests" name="testGetFieldErrorsWildcard"/>
  <testcase time="0.001" classname="org.springframework.webflow.mvc.view.SpringBeanBindingModelTests" name="testFindPropertyEditor"/>
  <testcase time="0.02" classname="org.springframework.webflow.mvc.view.SpringBeanBindingModelTests" name="testNestedPath"/>
</testsuite>